<?xml version="1.0" encoding="UTF-8"?>
<!-- Generated by org.testng.reporters.JUnitReportReporter -->
<testsuite skipped="0" hostname="PrabhatG" name="HDFC_RRP.BorrowerCreation.AppTest" tests="1" failures="0" timestamp="2020-04-17T14:55:47 IST" time="0.029" errors="0">
  <testcase name="shouldAnswerWithTrue" time="0.029" classname="HDFC_RRP.BorrowerCreation.AppTest"/>
</testsuite> <!-- HDFC_RRP.BorrowerCreation.AppTest -->
